<?xml version="1.0" encoding="UTF-8"?>
<!-- Generated by org.testng.reporters.JUnitReportReporter -->
<testsuite hostname="MKD-CORP-BCP081" failures="0" tests="5" name="com.cyient.test.LoginTest" time="80.618" errors="0" timestamp="2021-06-08T12:54:55 IST" skipped="0">
  <testcase classname="com.cyient.test.LoginTest" name="invalidCredentialTest" time="13.938"/>
  <system-out/>
  <testcase classname="com.cyient.test.LoginTest" name="invalidCredentialTest" time="13.492"/>
  <system-out/>
  <testcase classname="com.cyient.test.LoginTest" name="validCredentialTest" time="18.406"/>
  <system-out/>
  <testcase classname="com.cyient.test.LoginTest" name="validCredentialTest" time="18.592"/>
  <system-out/>
  <testcase classname="com.cyient.test.LoginTest" name="validCredentialTest" time="16.190"/>
  <system-out/>
</testsuite> <!-- com.cyient.test.LoginTest -->
