<?xml version="1.0" encoding="UTF-8"?>
<!-- Generated by org.testng.reporters.JUnitReportReporter -->
<testsuite hostname="MKD-CORP-BCP081" failures="0" tests="2" name="com.cyient.test.LoginTest" time="35.432" errors="0" timestamp="2021-06-09T12:09:26 IST" skipped="0">
  <testcase classname="com.cyient.test.LoginTest" name="validCredentialTest" time="13.203"/>
  <system-out/>
  <testcase classname="com.cyient.test.LoginTest" name="validCredentialTest" time="22.229"/>
  <system-out/>
</testsuite> <!-- com.cyient.test.LoginTest -->
