<?xml version="1.0" encoding="UTF-8"?>
<!-- Generated by org.testng.reporters.JUnitReportReporter -->
<testsuite hostname="MKD-CORP-BCP081" failures="0" tests="3" name="com.cyient.test.DemoTest" time="0.006" errors="0" timestamp="2021-06-08T10:32:13 IST" skipped="0">
  <testcase classname="com.cyient.test.DemoTest" name="validTest" time="0.000"/>
  <system-out/>
  <testcase classname="com.cyient.test.DemoTest" name="validTest" time="0.006"/>
  <system-out/>
  <testcase classname="com.cyient.test.DemoTest" name="validTest" time="0.000"/>
  <system-out/>
</testsuite> <!-- com.cyient.test.DemoTest -->
